{
"contracts/ecu/ECUManager.sol":{"l":{"38":0,"39":0,"40":0,"41":0,"53":0,"54":0,"63":0,"64":0,"65":0,"67":0,"72":0,"73":0,"74":0,"75":0,"83":0,"85":0,"86":0,"87":0,"95":0,"96":0,"97":0,"98":0,"99":0,"101":0,"106":0,"114":0,"116":0,"120":0,"123":0,"125":0,"129":0,"130":0,"131":0,"134":0},"path":"/home/kanthasiva/dscbox/sun/ws-020-blocks/ws-002-chainlink/sp007-ref-buid-gem/cl-chg-2020-agem/contracts/ecu/ECUManager.sol","s":{"1":0,"2":0,"3":0,"4":0,"5":0,"6":0,"7":0,"8":0,"9":0,"10":0,"11":0,"12":0,"13":0,"14":0,"15":0,"16":0,"17":0,"18":0,"19":0,"20":0,"21":0,"22":0,"23":0,"24":0,"25":0,"26":0,"27":0,"28":0,"29":0,"30":0,"31":0,"32":0,"33":0},"b":{"1":[0,0],"2":[0,0],"3":[0,0],"4":[0,0]},"f":{"1":0,"2":0,"3":0,"4":0,"5":0,"6":0},"fnMap":{"1":{"name":"constructor","line":28,"loc":{"start":{"line":24,"column":4},"end":{"line":31,"column":4}}},"2":{"name":"random","line":37,"loc":{"start":{"line":37,"column":4},"end":{"line":42,"column":4}}},"3":{"name":"getECUNode","line":48,"loc":{"start":{"line":48,"column":4},"end":{"line":55,"column":4}}},"4":{"name":"regiECUNode","line":57,"loc":{"start":{"line":57,"column":4},"end":{"line":76,"column":4}}},"5":{"name":"printECUNode","line":78,"loc":{"start":{"line":78,"column":4},"end":{"line":88,"column":4}}},"6":{"name":"getECUGeneratedEnergyUnits","line":90,"loc":{"start":{"line":90,"column":4},"end":{"line":135,"column":4}}}},"statementMap":{"1":{"start":{"line":38,"column":8},"end":{"line":38,"column":91}},"2":{"start":{"line":39,"column":8},"end":{"line":39,"column":38}},"3":{"start":{"line":41,"column":8},"end":{"line":41,"column":27}},"4":{"start":{"line":53,"column":8},"end":{"line":53,"column":106}},"5":{"start":{"line":54,"column":8},"end":{"line":54,"column":25}},"6":{"start":{"line":63,"column":8},"end":{"line":63,"column":27}},"7":{"start":{"line":64,"column":8},"end":{"line":64,"column":60}},"8":{"start":{"line":65,"column":8},"end":{"line":65,"column":79}},"9":{"start":{"line":67,"column":8},"end":{"line":67,"column":1706}},"10":{"start":{"line":72,"column":8},"end":{"line":72,"column":37}},"11":{"start":{"line":73,"column":8},"end":{"line":73,"column":40}},"12":{"start":{"line":74,"column":8},"end":{"line":74,"column":37}},"13":{"start":{"line":75,"column":8},"end":{"line":75,"column":39}},"14":{"start":{"line":83,"column":8},"end":{"line":83,"column":76}},"15":{"start":{"line":85,"column":8},"end":{"line":85,"column":52}},"16":{"start":{"line":86,"column":8},"end":{"line":86,"column":46}},"17":{"start":{"line":87,"column":8},"end":{"line":87,"column":50}},"18":{"start":{"line":95,"column":8},"end":{"line":95,"column":33}},"19":{"start":{"line":96,"column":8},"end":{"line":96,"column":31}},"20":{"start":{"line":97,"column":8},"end":{"line":97,"column":28}},"21":{"start":{"line":98,"column":8},"end":{"line":98,"column":60}},"22":{"start":{"line":99,"column":8},"end":{"line":99,"column":79}},"23":{"start":{"line":101,"column":8},"end":{"line":101,"column":2733}},"24":{"start":{"line":106,"column":8},"end":{"line":106,"column":34}},"25":{"start":{"line":114,"column":8},"end":{"line":114,"column":3158}},"26":{"start":{"line":116,"column":12},"end":{"line":116,"column":78}},"27":{"start":{"line":120,"column":12},"end":{"line":120,"column":40}},"28":{"start":{"line":123,"column":8},"end":{"line":123,"column":3401}},"29":{"start":{"line":125,"column":12},"end":{"line":125,"column":40}},"30":{"start":{"line":129,"column":12},"end":{"line":129,"column":60}},"31":{"start":{"line":130,"column":12},"end":{"line":130,"column":54}},"32":{"start":{"line":131,"column":12},"end":{"line":131,"column":90}},"33":{"start":{"line":134,"column":8},"end":{"line":134,"column":42}}},"branchMap":{"1":{"line":67,"type":"if","locations":[{"start":{"line":67,"column":8},"end":{"line":67,"column":8}},{"start":{"line":67,"column":8},"end":{"line":67,"column":8}}]},"2":{"line":101,"type":"if","locations":[{"start":{"line":101,"column":8},"end":{"line":101,"column":8}},{"start":{"line":101,"column":8},"end":{"line":101,"column":8}}]},"3":{"line":114,"type":"if","locations":[{"start":{"line":114,"column":8},"end":{"line":114,"column":8}},{"start":{"line":114,"column":8},"end":{"line":114,"column":8}}]},"4":{"line":123,"type":"if","locations":[{"start":{"line":123,"column":8},"end":{"line":123,"column":8}},{"start":{"line":123,"column":8},"end":{"line":123,"column":8}}]}}},
"contracts/gef/GEFTokenManager.sol":{"l":{},"path":"/home/kanthasiva/dscbox/sun/ws-020-blocks/ws-002-chainlink/sp007-ref-buid-gem/cl-chg-2020-agem/contracts/gef/GEFTokenManager.sol","s":{},"b":{},"f":{"1":0},"fnMap":{"1":{"name":"constructor","line":22,"loc":{"start":{"line":14,"column":4},"end":{"line":25,"column":4}}}},"statementMap":{},"branchMap":{}},
"contracts/indef/ICLIOManager.sol":{"l":{},"path":"/home/kanthasiva/dscbox/sun/ws-020-blocks/ws-002-chainlink/sp007-ref-buid-gem/cl-chg-2020-agem/contracts/indef/ICLIOManager.sol","s":{},"b":{},"f":{},"fnMap":{},"statementMap":{},"branchMap":{}},
"contracts/indef/IECUManager.sol":{"l":{},"path":"/home/kanthasiva/dscbox/sun/ws-020-blocks/ws-002-chainlink/sp007-ref-buid-gem/cl-chg-2020-agem/contracts/indef/IECUManager.sol","s":{},"b":{},"f":{},"fnMap":{},"statementMap":{},"branchMap":{}},
"contracts/indef/IGEMTokenManager.sol":{"l":{},"path":"/home/kanthasiva/dscbox/sun/ws-020-blocks/ws-002-chainlink/sp007-ref-buid-gem/cl-chg-2020-agem/contracts/indef/IGEMTokenManager.sol","s":{},"b":{},"f":{},"fnMap":{},"statementMap":{},"branchMap":{}},
"contracts/infra/CommonTypes.sol":{"l":{},"path":"/home/kanthasiva/dscbox/sun/ws-020-blocks/ws-002-chainlink/sp007-ref-buid-gem/cl-chg-2020-agem/contracts/infra/CommonTypes.sol","s":{},"b":{},"f":{},"fnMap":{},"statementMap":{},"branchMap":{}},
"contracts/infra/resolvers/AddressResolver.sol":{"l":{"24":0,"34":0},"path":"/home/kanthasiva/dscbox/sun/ws-020-blocks/ws-002-chainlink/sp007-ref-buid-gem/cl-chg-2020-agem/contracts/infra/resolvers/AddressResolver.sol","s":{"1":0,"2":0},"b":{},"f":{"1":0,"2":0},"fnMap":{"1":{"name":"setAddress","line":18,"loc":{"start":{"line":18,"column":4},"end":{"line":25,"column":4}}},"2":{"name":"getAddress","line":27,"loc":{"start":{"line":27,"column":4},"end":{"line":35,"column":4}}}},"statementMap":{"1":{"start":{"line":24,"column":8},"end":{"line":24,"column":63}},"2":{"start":{"line":34,"column":8},"end":{"line":34,"column":60}}},"branchMap":{}},
"contracts/infra/resolvers/ContractResolver.sol":{"l":{"26":0,"41":0},"path":"/home/kanthasiva/dscbox/sun/ws-020-blocks/ws-002-chainlink/sp007-ref-buid-gem/cl-chg-2020-agem/contracts/infra/resolvers/ContractResolver.sol","s":{"1":0,"2":0},"b":{},"f":{"1":0,"2":0},"fnMap":{"1":{"name":"constructor","line":21,"loc":{"start":{"line":21,"column":4},"end":{"line":27,"column":4}}},"2":{"name":"resolveContract","line":34,"loc":{"start":{"line":34,"column":4},"end":{"line":42,"column":4}}}},"statementMap":{"1":{"start":{"line":26,"column":8},"end":{"line":26,"column":58}},"2":{"start":{"line":41,"column":8},"end":{"line":41,"column":48}}},"branchMap":{}},
"contracts/io/CLIOManager.sol":{"l":{},"path":"/home/kanthasiva/dscbox/sun/ws-020-blocks/ws-002-chainlink/sp007-ref-buid-gem/cl-chg-2020-agem/contracts/io/CLIOManager.sol","s":{},"b":{},"f":{"1":0},"fnMap":{"1":{"name":"constructor","line":14,"loc":{"start":{"line":10,"column":4},"end":{"line":17,"column":4}}}},"statementMap":{},"branchMap":{}},
"contracts/toplevel/GEFMain.sol":{"l":{"33":0,"48":0,"50":0,"52":0,"53":0,"63":0,"65":0,"67":0,"69":0,"71":0,"73":0,"78":0,"79":0,"80":0,"82":0,"84":0,"86":0,"88":0,"90":0,"92":0,"95":0,"107":0,"108":0,"109":0,"111":0,"113":0,"115":0,"117":0},"path":"/home/kanthasiva/dscbox/sun/ws-020-blocks/ws-002-chainlink/sp007-ref-buid-gem/cl-chg-2020-agem/contracts/toplevel/GEFMain.sol","s":{"1":0,"2":0,"3":0,"4":0,"5":0,"6":0,"7":0,"8":0,"9":0,"10":0,"11":0,"12":0,"13":0,"14":0,"15":0,"16":0,"17":0,"18":0,"19":0,"20":0,"21":0,"22":0,"23":0,"24":0,"25":0,"26":0,"27":0,"28":0},"b":{"1":[0,0],"2":[0,0],"3":[0,0],"4":[0,0],"5":[0,0]},"f":{"1":0,"2":0,"3":0,"4":0,"5":0},"fnMap":{"1":{"name":"constructor","line":30,"loc":{"start":{"line":26,"column":4},"end":{"line":35,"column":4}}},"2":{"name":"regiGEFUser","line":46,"loc":{"start":{"line":46,"column":4},"end":{"line":55,"column":4}}},"3":{"name":"regiECUNode","line":57,"loc":{"start":{"line":57,"column":4},"end":{"line":74,"column":4}}},"4":{"name":"scanECUStatus","line":76,"loc":{"start":{"line":76,"column":4},"end":{"line":104,"column":4}}},"5":{"name":"viewGEFBalance","line":106,"loc":{"start":{"line":106,"column":4},"end":{"line":118,"column":4}}}},"statementMap":{"1":{"start":{"line":33,"column":8},"end":{"line":33,"column":53}},"2":{"start":{"line":48,"column":8},"end":{"line":48,"column":68}},"3":{"start":{"line":50,"column":8},"end":{"line":50,"column":61}},"4":{"start":{"line":52,"column":8},"end":{"line":52,"column":29}},"5":{"start":{"line":53,"column":8},"end":{"line":53,"column":32}},"6":{"start":{"line":63,"column":8},"end":{"line":63,"column":73}},"7":{"start":{"line":65,"column":8},"end":{"line":65,"column":73}},"8":{"start":{"line":67,"column":8},"end":{"line":67,"column":68}},"9":{"start":{"line":69,"column":8},"end":{"line":69,"column":54}},"10":{"start":{"line":71,"column":8},"end":{"line":71,"column":46}},"11":{"start":{"line":73,"column":8},"end":{"line":73,"column":40}},"12":{"start":{"line":78,"column":8},"end":{"line":78,"column":29}},"13":{"start":{"line":79,"column":8},"end":{"line":79,"column":73}},"14":{"start":{"line":80,"column":8},"end":{"line":80,"column":91}},"15":{"start":{"line":82,"column":8},"end":{"line":82,"column":1993}},"16":{"start":{"line":84,"column":12},"end":{"line":84,"column":75}},"17":{"start":{"line":86,"column":12},"end":{"line":86,"column":2130}},"18":{"start":{"line":88,"column":16},"end":{"line":88,"column":2182}},"19":{"start":{"line":90,"column":20},"end":{"line":90,"column":95}},"20":{"start":{"line":92,"column":20},"end":{"line":92,"column":2360}},"21":{"start":{"line":95,"column":24},"end":{"line":95,"column":75}},"22":{"start":{"line":107,"column":8},"end":{"line":107,"column":30}},"23":{"start":{"line":108,"column":8},"end":{"line":108,"column":91}},"24":{"start":{"line":109,"column":8},"end":{"line":109,"column":73}},"25":{"start":{"line":111,"column":8},"end":{"line":111,"column":68}},"26":{"start":{"line":113,"column":8},"end":{"line":113,"column":56}},"27":{"start":{"line":115,"column":8},"end":{"line":115,"column":54}},"28":{"start":{"line":117,"column":8},"end":{"line":117,"column":25}}},"branchMap":{"1":{"line":50,"type":"if","locations":[{"start":{"line":50,"column":8},"end":{"line":50,"column":8}},{"start":{"line":50,"column":8},"end":{"line":50,"column":8}}]},"2":{"line":67,"type":"if","locations":[{"start":{"line":67,"column":8},"end":{"line":67,"column":8}},{"start":{"line":67,"column":8},"end":{"line":67,"column":8}}]},"3":{"line":86,"type":"if","locations":[{"start":{"line":86,"column":12},"end":{"line":86,"column":12}},{"start":{"line":86,"column":12},"end":{"line":86,"column":12}}]},"4":{"line":92,"type":"if","locations":[{"start":{"line":92,"column":20},"end":{"line":92,"column":20}},{"start":{"line":92,"column":20},"end":{"line":92,"column":20}}]},"5":{"line":111,"type":"if","locations":[{"start":{"line":111,"column":8},"end":{"line":111,"column":8}},{"start":{"line":111,"column":8},"end":{"line":111,"column":8}}]}}}}
