TN:
SF:/home/kanthasiva/dscbox/sun/ws-020-blocks/ws-002-chainlink/sp007-ref-buid-gem/cl-chg-2020-agem/contracts/ecu/ECUManager.sol
FN:28,constructor
FN:37,random
FN:48,getECUNode
FN:57,regiECUNode
FN:78,printECUNode
FN:90,getECUGeneratedEnergyUnits
FNF:6
FNH:0
FNDA:0,constructor
FNDA:0,random
FNDA:0,getECUNode
FNDA:0,regiECUNode
FNDA:0,printECUNode
FNDA:0,getECUGeneratedEnergyUnits
DA:38,0
DA:39,0
DA:40,0
DA:41,0
DA:53,0
DA:54,0
DA:63,0
DA:64,0
DA:65,0
DA:67,0
DA:72,0
DA:73,0
DA:74,0
DA:75,0
DA:83,0
DA:85,0
DA:86,0
DA:87,0
DA:95,0
DA:96,0
DA:97,0
DA:98,0
DA:99,0
DA:101,0
DA:106,0
DA:114,0
DA:116,0
DA:120,0
DA:123,0
DA:125,0
DA:129,0
DA:130,0
DA:131,0
DA:134,0
LF:34
LH:0
BRDA:67,1,0,0
BRDA:67,1,1,0
BRDA:101,2,0,0
BRDA:101,2,1,0
BRDA:114,3,0,0
BRDA:114,3,1,0
BRDA:123,4,0,0
BRDA:123,4,1,0
BRF:8
BRH:0
end_of_record
TN:
SF:/home/kanthasiva/dscbox/sun/ws-020-blocks/ws-002-chainlink/sp007-ref-buid-gem/cl-chg-2020-agem/contracts/gef/GEFTokenManager.sol
FN:22,constructor
FNF:1
FNH:0
FNDA:0,constructor
LF:0
LH:0
BRF:0
BRH:0
end_of_record
TN:
SF:/home/kanthasiva/dscbox/sun/ws-020-blocks/ws-002-chainlink/sp007-ref-buid-gem/cl-chg-2020-agem/contracts/indef/ICLIOManager.sol
FNF:0
FNH:0
LF:0
LH:0
BRF:0
BRH:0
end_of_record
TN:
SF:/home/kanthasiva/dscbox/sun/ws-020-blocks/ws-002-chainlink/sp007-ref-buid-gem/cl-chg-2020-agem/contracts/indef/IECUManager.sol
FNF:0
FNH:0
LF:0
LH:0
BRF:0
BRH:0
end_of_record
TN:
SF:/home/kanthasiva/dscbox/sun/ws-020-blocks/ws-002-chainlink/sp007-ref-buid-gem/cl-chg-2020-agem/contracts/indef/IGEMTokenManager.sol
FNF:0
FNH:0
LF:0
LH:0
BRF:0
BRH:0
end_of_record
TN:
SF:/home/kanthasiva/dscbox/sun/ws-020-blocks/ws-002-chainlink/sp007-ref-buid-gem/cl-chg-2020-agem/contracts/infra/CommonTypes.sol
FNF:0
FNH:0
LF:0
LH:0
BRF:0
BRH:0
end_of_record
TN:
SF:/home/kanthasiva/dscbox/sun/ws-020-blocks/ws-002-chainlink/sp007-ref-buid-gem/cl-chg-2020-agem/contracts/infra/resolvers/AddressResolver.sol
FN:18,setAddress
FN:27,getAddress
FNF:2
FNH:0
FNDA:0,setAddress
FNDA:0,getAddress
DA:24,0
DA:34,0
LF:2
LH:0
BRF:0
BRH:0
end_of_record
TN:
SF:/home/kanthasiva/dscbox/sun/ws-020-blocks/ws-002-chainlink/sp007-ref-buid-gem/cl-chg-2020-agem/contracts/infra/resolvers/ContractResolver.sol
FN:21,constructor
FN:34,resolveContract
FNF:2
FNH:0
FNDA:0,constructor
FNDA:0,resolveContract
DA:26,0
DA:41,0
LF:2
LH:0
BRF:0
BRH:0
end_of_record
TN:
SF:/home/kanthasiva/dscbox/sun/ws-020-blocks/ws-002-chainlink/sp007-ref-buid-gem/cl-chg-2020-agem/contracts/io/CLIOManager.sol
FN:14,constructor
FNF:1
FNH:0
FNDA:0,constructor
LF:0
LH:0
BRF:0
BRH:0
end_of_record
TN:
SF:/home/kanthasiva/dscbox/sun/ws-020-blocks/ws-002-chainlink/sp007-ref-buid-gem/cl-chg-2020-agem/contracts/toplevel/GEFMain.sol
FN:30,constructor
FN:46,regiGEFUser
FN:57,regiECUNode
FN:76,scanECUStatus
FN:106,viewGEFBalance
FNF:5
FNH:0
FNDA:0,constructor
FNDA:0,regiGEFUser
FNDA:0,regiECUNode
FNDA:0,scanECUStatus
FNDA:0,viewGEFBalance
DA:33,0
DA:48,0
DA:50,0
DA:52,0
DA:53,0
DA:63,0
DA:65,0
DA:67,0
DA:69,0
DA:71,0
DA:73,0
DA:78,0
DA:79,0
DA:80,0
DA:82,0
DA:84,0
DA:86,0
DA:88,0
DA:90,0
DA:92,0
DA:95,0
DA:107,0
DA:108,0
DA:109,0
DA:111,0
DA:113,0
DA:115,0
DA:117,0
LF:28
LH:0
BRDA:50,1,0,0
BRDA:50,1,1,0
BRDA:67,2,0,0
BRDA:67,2,1,0
BRDA:86,3,0,0
BRDA:86,3,1,0
BRDA:92,4,0,0
BRDA:92,4,1,0
BRDA:111,5,0,0
BRDA:111,5,1,0
BRF:10
BRH:0
end_of_record
